17:38:17 **** Rebuild of configuration Debug for project 1 ****
Info: Internal Builder is used for build
gcc -O0 -g3 -Wall -c -fmessage-length=0 -o EX1.o "..\\EX1.c" 
gcc -o 1.exe EX1.o 
Info: Nothing to build for 1
17:39:51 **** Incremental Build of configuration Debug for project 1 ****
Info: Internal Builder is used for build
gcc -O0 -g3 -Wall -c -fmessage-length=0 -o EX1.o "..\\EX1.c" 
gcc -o 1.exe EX1.o 
Info: Nothing to build for 1
Info: Nothing to build for 1
18:00:58 **** Rebuild of configuration Debug for project 4 ****
Info: Internal Builder is used for build
gcc -O0 -g3 -Wall -c -fmessage-length=0 -o EX4.o "..\\EX4.c" 
gcc -o 4.exe EX4.o 
Info: Nothing to build for 4
Info: Nothing to build for 4
18:06:01 **** Incremental Build of configuration Debug for project 4 ****
Info: Internal Builder is used for build
gcc -O0 -g3 -Wall -c -fmessage-length=0 -o EX4.o "..\\EX4.c" 
gcc -o 4.exe EX4.o 
18:07:38 **** Incremental Build of configuration Debug for project 4 ****
Info: Internal Builder is used for build
gcc -O0 -g3 -Wall -c -fmessage-length=0 -o EX4.o "..\\EX4.c" 
gcc -o 4.exe EX4.o 
Info: Nothing to build for 4
18:10:08 **** Incremental Build of configuration Debug for project 4 ****
Info: Internal Builder is used for build
gcc -O0 -g3 -Wall -c -fmessage-length=0 -o EX4.o "..\\EX4.c" 
gcc -o 4.exe EX4.o 
18:11:48 **** Incremental Build of configuration Debug for project 4 ****
Info: Internal Builder is used for build
gcc -O0 -g3 -Wall -c -fmessage-length=0 -o EX4.o "..\\EX4.c" 
gcc -o 4.exe EX4.o 
18:13:56 **** Incremental Build of configuration Debug for project 4 ****
Info: Internal Builder is used for build
gcc -O0 -g3 -Wall -c -fmessage-length=0 -o EX4.o "..\\EX4.c" 
gcc -o 4.exe EX4.o 
Info: Nothing to build for 4
18:14:45 **** Incremental Build of configuration Debug for project 4 ****
Info: Internal Builder is used for build
gcc -O0 -g3 -Wall -c -fmessage-length=0 -o EX4.o "..\\EX4.c" 
gcc -o 4.exe EX4.o 
Info: Nothing to build for 4
18:15:17 **** Incremental Build of configuration Debug for project 4 ****
Info: Internal Builder is used for build
gcc -O0 -g3 -Wall -c -fmessage-length=0 -o EX4.o "..\\EX4.c" 
gcc -o 4.exe EX4.o 
18:23:34 **** Incremental Build of configuration Debug for project 4 ****
Info: Internal Builder is used for build
gcc -O0 -g3 -Wall -c -fmessage-length=0 -o EX4.o "..\\EX4.c" 
gcc -o 4.exe EX4.o 
Info: Nothing to build for 4
Info: Nothing to build for 4
Info: Nothing to build for 4
18:25:36 **** Incremental Build of configuration Debug for project 4 ****
Info: Internal Builder is used for build
gcc -O0 -g3 -Wall -c -fmessage-length=0 -o EX4.o "..\\EX4.c" 
gcc -o 4.exe EX4.o 
Info: Nothing to build for 4
Info: Nothing to build for 4
Info: Nothing to build for 4
Info: Nothing to build for 4
22:36:40 **** Incremental Build of configuration Debug for project 1 ****
Info: Internal Builder is used for build
gcc -O0 -g3 -Wall -c -fmessage-length=0 -o EX1.o "..\\EX1.c" 
gcc -o 1.exe EX1.o 
Info: Nothing to build for 1
Info: Nothing to build for 1
Info: Nothing to build for 1
22:47:56 **** Rebuild of configuration Debug for project 2 ****
Info: Internal Builder is used for build
gcc -O0 -g3 -Wall -c -fmessage-length=0 -o EX2.o "..\\EX2.c" 
gcc -o 2.exe EX2.o 
Info: Nothing to build for 4
Info: Nothing to build for 2
Info: Nothing to build for 1
Info: Nothing to build for 2
22:55:28 **** Rebuild of configuration Debug for project 3 ****
Info: Internal Builder is used for build
gcc -O0 -g3 -Wall -c -fmessage-length=0 -o EX3.o "..\\EX3.c" 
..\EX3.c: In function 'main':
..\EX3.c:6:8: warning: unused variable 'sum' [-Wunused-variable]
  float sum[2][2];
        ^~~
..\EX3.c:5:8: warning: unused variable 'b' [-Wunused-variable]
  float b[2][2];
        ^
gcc -o 3.exe EX3.o 
Info: Nothing to build for 4
Info: Nothing to build for 3
Info: Nothing to build for 1
Info: Nothing to build for 2
22:57:00 **** Incremental Build of configuration Debug for project 3 ****
Info: Internal Builder is used for build
gcc -O0 -g3 -Wall -c -fmessage-length=0 -o EX3.o "..\\EX3.c" 
..\EX3.c: In function 'main':
..\EX3.c:6:8: warning: unused variable 'sum' [-Wunused-variable]
  float sum[2][2];
        ^~~
..\EX3.c:5:8: warning: unused variable 'b' [-Wunused-variable]
  float b[2][2];
        ^
gcc -o 3.exe EX3.o 
Info: Nothing to build for 4
Info: Nothing to build for 3
Info: Nothing to build for 1
Info: Nothing to build for 2
22:57:56 **** Incremental Build of configuration Debug for project 3 ****
Info: Internal Builder is used for build
gcc -O0 -g3 -Wall -c -fmessage-length=0 -o EX3.o "..\\EX3.c" 
gcc -o 3.exe EX3.o 
Info: Nothing to build for 4
Info: Nothing to build for 3
Info: Nothing to build for 3
Info: Nothing to build for 3
Info: Nothing to build for 3
23:00:36 **** Incremental Build of configuration Debug for project 3 ****
Info: Internal Builder is used for build
gcc -O0 -g3 -Wall -c -fmessage-length=0 -o EX3.o "..\\EX3.c" 
gcc -o 3.exe EX3.o 
Info: Nothing to build for 3
Info: Nothing to build for 3
23:08:44 **** Incremental Build of configuration Debug for project 3 ****
Info: Internal Builder is used for build
gcc -O0 -g3 -Wall -c -fmessage-length=0 -o EX3.o "..\\EX3.c" 
gcc -o 3.exe EX3.o 
23:09:40 **** Incremental Build of configuration Debug for project 3 ****
Info: Internal Builder is used for build
gcc -O0 -g3 -Wall -c -fmessage-length=0 -o EX3.o "..\\EX3.c" 
gcc -o 3.exe EX3.o 
Info: Nothing to build for 3
Info: Nothing to build for 3
Info: Nothing to build for 3
Info: Nothing to build for 4
23:15:00 **** Incremental Build of configuration Debug for project 4 ****
Info: Internal Builder is used for build
gcc -O0 -g3 -Wall -c -fmessage-length=0 -o EX4.o "..\\EX4.c" 
gcc -o 4.exe EX4.o 
Info: Nothing to build for 4
23:16:51 **** Incremental Build of configuration Debug for project 4 ****
Info: Internal Builder is used for build
gcc -O0 -g3 -Wall -c -fmessage-length=0 -o EX4.o "..\\EX4.c" 
..\EX4.c: In function 'main':
..\EX4.c:10:15: warning: unused variable 'b' [-Wunused-variable]
     int a[n], b[n + 1];
               ^
..\EX4.c:4:18: warning: unused variable 'y' [-Wunused-variable]
     int n, i, x, y;
                  ^
..\EX4.c:4:15: warning: unused variable 'x' [-Wunused-variable]
     int n, i, x, y;
               ^
gcc -o 4.exe EX4.o 
Info: Nothing to build for 4
23:17:52 **** Incremental Build of configuration Debug for project 4 ****
Info: Internal Builder is used for build
gcc -O0 -g3 -Wall -c -fmessage-length=0 -o EX4.o "..\\EX4.c" 
..\EX4.c: In function 'main':
..\EX4.c:10:15: warning: unused variable 'b' [-Wunused-variable]
     int a[n], b[n + 1];
               ^
..\EX4.c:4:18: warning: unused variable 'y' [-Wunused-variable]
     int n, i, x, y;
                  ^
..\EX4.c:4:15: warning: unused variable 'x' [-Wunused-variable]
     int n, i, x, y;
               ^
gcc -o 4.exe EX4.o 
23:21:25 **** Incremental Build of configuration Debug for project 4 ****
Info: Internal Builder is used for build
gcc -O0 -g3 -Wall -c -fmessage-length=0 -o EX4.o "..\\EX4.c" 
gcc -o 4.exe EX4.o 
23:22:38 **** Incremental Build of configuration Debug for project 4 ****
Info: Internal Builder is used for build
gcc -O0 -g3 -Wall -c -fmessage-length=0 -o EX4.o "..\\EX4.c" 
gcc -o 4.exe EX4.o 
Info: Nothing to build for 1
Info: Nothing to build for 2
Info: Nothing to build for 3
Info: Nothing to build for 4
23:29:09 **** Rebuild of configuration Debug for project 6 ****
Info: Internal Builder is used for build
gcc -O0 -g3 -Wall -c -fmessage-length=0 -o EX5.o "..\\EX5.c" 
gcc -o 6.exe EX5.o 
Info: Nothing to build for 6
23:29:58 **** Incremental Build of configuration Debug for project 6 ****
Info: Internal Builder is used for build
gcc -O0 -g3 -Wall -c -fmessage-length=0 -o EX5.o "..\\EX5.c" 
gcc -o 6.exe EX5.o 
Info: Nothing to build for 6
Info: Nothing to build for 1
Info: Nothing to build for 2
Info: Nothing to build for 3
Info: Nothing to build for 4
23:31:38 **** Rebuild of configuration Debug for project 5 ****
Info: Internal Builder is used for build
gcc -O0 -g3 -Wall -c -fmessage-length=0 -o EX5.o "..\\EX5.c" 
gcc -o 5.exe EX5.o 
Info: Nothing to build for 5
